<?xml version="1.0" encoding="UTF-8"?>
<!-- Generated by org.testng.reporters.JUnitReportReporter -->
<testsuite hostname="DESKTOP-300RRAN" failures="0" tests="1" name="Runners.Run" time="0.078" errors="0" timestamp="2023-06-04T16:32:01 AEST" skipped="0">
  <testcase classname="Runners.Run" name="runScenario" time="0.078"/>
  <system-out/>
</testsuite> <!-- Runners.Run -->
